<?xml version="1.0" encoding="UTF-8"?>
<!-- Generated by org.testng.reporters.JUnitXMLReporter -->
<testsuite hostname="MMD5CG0182HG1" ignored="0" name="GCSS monitoring QA" tests="3" failures="0" timestamp="2021-02-25T16:05:35 IST" time="0.107" errors="0">
  <testcase name="test9" time="0.012" classname="gcd.perfTest.EnvMonitorTest"/>
  <testcase name="test8" time="0.009" classname="gcd.perfTest.EnvMonitorTest"/>
  <testcase name="QAenvMonitor" time="0.013" classname="gcd.perfTest.EnvMonitorTest"/>
</testsuite> <!-- GCSS monitoring QA -->
