<?xml version="1.0" encoding="UTF-8"?>
<testng-results skipped="0" failed="0" ignored="0" total="3" passed="3">
  <reporter-output>
  </reporter-output>
  <suite name="GCD Env monitoring test" duration-ms="107" started-at="2021-02-25T16:05:35 IST" finished-at="2021-02-25T16:05:35 IST">
    <groups>
    </groups>
    <test name="GCSS monitoring QA" duration-ms="107" started-at="2021-02-25T16:05:35 IST" finished-at="2021-02-25T16:05:35 IST">
      <class name="gcd.perfTest.EnvMonitorTest">
        <test-method status="PASS" signature="generateGDS()[pri:0, instance:gcd.perfTest.EnvMonitorTest@19d37183]" name="generateGDS" is-config="true" duration-ms="12" started-at="2021-02-25T16:05:35 IST" finished-at="2021-02-25T16:05:35 IST">
          <reporter-output>
          </reporter-output>
        </test-method> <!-- generateGDS -->
        <test-method status="PASS" signature="generateGDS()[pri:0, instance:gcd.perfTest.EnvMonitorTest@19d37183]" name="generateGDS" is-config="true" duration-ms="12" started-at="2021-02-25T16:05:35 IST" finished-at="2021-02-25T16:05:35 IST">
          <reporter-output>
          </reporter-output>
        </test-method> <!-- generateGDS -->
        <test-method status="PASS" signature="generateGDS()[pri:0, instance:gcd.perfTest.EnvMonitorTest@19d37183]" name="generateGDS" is-config="true" duration-ms="13" started-at="2021-02-25T16:05:35 IST" finished-at="2021-02-25T16:05:35 IST">
          <reporter-output>
          </reporter-output>
        </test-method> <!-- generateGDS -->
        <test-method status="PASS" signature="QAenvMonitor(java.lang.String)[pri:0, instance:gcd.perfTest.EnvMonitorTest@19d37183]" name="QAenvMonitor" duration-ms="13" started-at="2021-02-25T16:05:35 IST" finished-at="2021-02-25T16:05:35 IST">
          <params>
            <param index="0">
              <value>
                <![CDATA[Just to test]]>
              </value>
            </param>
          </params>
          <reporter-output>
          </reporter-output>
        </test-method> <!-- QAenvMonitor -->
        <test-method status="PASS" signature="test9()[pri:0, instance:gcd.perfTest.EnvMonitorTest@19d37183]" name="test9" duration-ms="12" started-at="2021-02-25T16:05:35 IST" finished-at="2021-02-25T16:05:35 IST">
          <reporter-output>
          </reporter-output>
        </test-method> <!-- test9 -->
        <test-method status="PASS" signature="test8()[pri:0, instance:gcd.perfTest.EnvMonitorTest@19d37183]" name="test8" duration-ms="9" started-at="2021-02-25T16:05:35 IST" finished-at="2021-02-25T16:05:35 IST">
          <reporter-output>
          </reporter-output>
        </test-method> <!-- test8 -->
      </class> <!-- gcd.perfTest.EnvMonitorTest -->
    </test> <!-- GCSS monitoring QA -->
  </suite> <!-- GCD Env monitoring test -->
</testng-results>
